0 info it worked if it ends with ok
1 verbose cli [ '/usr/local/bin/node', '/usr/local/bin/npm', 'publish' ]
2 info using npm@3.6.0
3 info using node@v5.6.0
4 verbose publish [ '.' ]
5 silly cache add args [ '.', null ]
6 verbose cache add spec .
7 silly cache add parsed spec Result {
7 silly cache add   raw: '.',
7 silly cache add   scope: null,
7 silly cache add   name: null,
7 silly cache add   rawSpec: '.',
7 silly cache add   spec: '/Users/davidmoran/Desktop/node-practice/censorify_dpm',
7 silly cache add   type: 'directory' }
8 verbose addLocalDirectory /Users/davidmoran/.npm/censorify/0.1.1/package.tgz not in flight; packing
9 verbose correctMkdir /Users/davidmoran/.npm correctMkdir not in flight; initializing
10 info lifecycle censorify@0.1.1~prepublish: censorify@0.1.1
11 silly lifecycle censorify@0.1.1~prepublish: no script for prepublish, continuing
12 verbose tar pack [ '/Users/davidmoran/.npm/censorify/0.1.1/package.tgz',
12 verbose tar pack   '/Users/davidmoran/Desktop/node-practice/censorify_dpm' ]
13 verbose tarball /Users/davidmoran/.npm/censorify/0.1.1/package.tgz
14 verbose folder /Users/davidmoran/Desktop/node-practice/censorify_dpm
15 verbose addLocalTarball adding from inside cache /Users/davidmoran/.npm/censorify/0.1.1/package.tgz
16 verbose correctMkdir /Users/davidmoran/.npm correctMkdir not in flight; initializing
17 silly cache afterAdd censorify@0.1.1
18 verbose afterAdd /Users/davidmoran/.npm/censorify/0.1.1/package/package.json not in flight; writing
19 verbose correctMkdir /Users/davidmoran/.npm correctMkdir not in flight; initializing
20 verbose afterAdd /Users/davidmoran/.npm/censorify/0.1.1/package/package.json written
21 silly publish { author: { name: 'David Moran' },
21 silly publish   name: 'censorify',
21 silly publish   version: '0.1.1',
21 silly publish   description: 'Censors words out of text',
21 silly publish   main: 'censortext',
21 silly publish   dependencies: {},
21 silly publish   engines: { node: '*' },
21 silly publish   readme: 'test readme',
21 silly publish   readmeFilename: 'README.md',
21 silly publish   _id: 'censorify@0.1.1',
21 silly publish   scripts: {},
21 silly publish   _shasum: 'fc90db309695dc32b9f3bfa1500d8860b96a3030',
21 silly publish   _from: '.' }
22 verbose getPublishConfig undefined
23 silly mapToRegistry name censorify
24 silly mapToRegistry using default registry
25 silly mapToRegistry registry https://registry.npmjs.org/
26 silly mapToRegistry uri https://registry.npmjs.org/censorify
27 verbose publish registryBase https://registry.npmjs.org/
28 silly publish uploading /Users/davidmoran/.npm/censorify/0.1.1/package.tgz
29 verbose request uri https://registry.npmjs.org/censorify
30 verbose request sending authorization for write operation
31 info attempt registry request try #1 at 3:50:13 PM
32 verbose request using bearer token for auth
33 verbose request id 50d3fb8106011353
34 http request PUT https://registry.npmjs.org/censorify
35 http 403 https://registry.npmjs.org/censorify
36 verbose headers { 'content-type': 'application/json',
36 verbose headers   'cache-control': 'max-age=300',
36 verbose headers   'content-length': '101',
36 verbose headers   'accept-ranges': 'bytes',
36 verbose headers   date: 'Sun, 21 Feb 2016 20:50:14 GMT',
36 verbose headers   via: '1.1 varnish',
36 verbose headers   connection: 'keep-alive',
36 verbose headers   'x-served-by': 'cache-jfk1045-JFK',
36 verbose headers   'x-cache': 'MISS',
36 verbose headers   'x-cache-hits': '0',
36 verbose headers   'x-timer': 'S1456087813.887853,VS0,VE360' }
37 verbose request invalidating /Users/davidmoran/.npm/registry.npmjs.org/censorify on PUT
38 error publish Failed PUT 403
39 verbose stack Error: You do not have permission to publish 'censorify'. Are you logged in as the correct user? : censorify
39 verbose stack     at makeError (/usr/local/lib/node_modules/npm/node_modules/npm-registry-client/lib/request.js:264:12)
39 verbose stack     at CachingRegistryClient.<anonymous> (/usr/local/lib/node_modules/npm/node_modules/npm-registry-client/lib/request.js:252:14)
39 verbose stack     at Request._callback (/usr/local/lib/node_modules/npm/node_modules/npm-registry-client/lib/request.js:172:14)
39 verbose stack     at Request.self.callback (/usr/local/lib/node_modules/npm/node_modules/request/request.js:198:22)
39 verbose stack     at emitTwo (events.js:100:13)
39 verbose stack     at Request.emit (events.js:185:7)
39 verbose stack     at Request.<anonymous> (/usr/local/lib/node_modules/npm/node_modules/request/request.js:1035:10)
39 verbose stack     at emitOne (events.js:95:20)
39 verbose stack     at Request.emit (events.js:182:7)
39 verbose stack     at IncomingMessage.<anonymous> (/usr/local/lib/node_modules/npm/node_modules/request/request.js:962:12)
40 verbose statusCode 403
41 verbose pkgid censorify
42 verbose cwd /Users/davidmoran/Desktop/node-practice/censorify_dpm
43 error Darwin 15.3.0
44 error argv "/usr/local/bin/node" "/usr/local/bin/npm" "publish"
45 error node v5.6.0
46 error npm  v3.6.0
47 error code E403
48 error You do not have permission to publish 'censorify'. Are you logged in as the correct user? : censorify
49 error If you need help, you may report this error at:
49 error     <https://github.com/npm/npm/issues>
50 verbose exit [ 1, true ]
